Build started 6/3/2014 1:53:45 AM.
     1>Project "C:\Users\Stephen\Video Game Programming\4210group12\game\proj\visualstudio\game\game_vs11.vcxproj" on node 2 (Build target(s)).
     1>InitializeBuildStatus:
         Creating "..\debug\game\game.unsuccessfulbuild" because "AlwaysCreate" was specified.
       ClCompile:
         C:\Program Files (x86)\Microsoft Visual Studio 11.0\VC\bin\CL.exe /c /ZI /nologo /W3 /WX- /Od /Oy- /D WIN32 /D _DEBUG /D _WINDOWS /D _MBCS /Gm /EHsc /MDd /GS- /arch:SSE2 /fp:fast /Zc:wchar_t /Zc:forScope /Fo"..\debug\game\\" /Fd"..\debug\game\vc110.pdb" /Gd /TP /analyze- /errorReport:prompt ..\..\..\src\Scenes\PongScene.cpp
         PongScene.cpp
     1>c:\users\stephen\video game programming\4210group12\game\src\scenes\pongscene.cpp(409): warning C4244: 'initializing' : conversion from 'float' to 'DWORD', possible loss of data
     1>c:\users\stephen\video game programming\4210group12\game\src\scenes\pongscene.cpp(453): warning C4244: 'initializing' : conversion from 'float' to 'DWORD', possible loss of data
     1>c:\users\stephen\video game programming\4210group12\game\src\scenes\pongscene.cpp(531): warning C4244: 'initializing' : conversion from 'float' to 'DWORD', possible loss of data
       Link:
         C:\Program Files (x86)\Microsoft Visual Studio 11.0\VC\bin\link.exe /ERRORREPORT:PROMPT /OUT:"C:\Users\Stephen\Video Game Programming\4210group12\game\proj\..\bin\game.exe" /INCREMENTAL /NOLOGO /LIBPATH:C:\Users\Jake\Desktop\game\lib user32.lib d3d9.lib dxguid.lib dsound.lib winmm.lib murmurhashd.lib tinyxml2d.lib xanimatord.lib kernel32.lib user32.lib gdi32.lib winspool.lib comdlg32.lib advapi32.lib shell32.lib ole32.lib oleaut32.lib uuid.lib odbc32.lib odbccp32.lib /MANIFEST /MANIFESTUAC:"level='asInvoker' uiAccess='false'" /manifest:embed /DEBUG /PDB:"C:\Users\Stephen\Video Game Programming\4210group12\game\proj\..\bin\game.pdb" /SUBSYSTEM:WINDOWS /TLBID:1 /DYNAMICBASE /NXCOMPAT /IMPLIB:"C:\Users\Stephen\Video Game Programming\4210group12\game\proj\..\bin\game.lib" /MACHINE:X86 ..\debug\game\Camera.obj
         ..\debug\game\Entity.obj
         ..\debug\game\Game.obj
         ..\debug\game\Model.obj
         ..\debug\game\Resource.obj
         ..\debug\game\Scene.obj
         ..\debug\game\Settings.obj
         ..\debug\game\Transform.obj
         ..\debug\game\main.obj
         ..\debug\game\BallEntity.obj
         ..\debug\game\MenuScene.obj
         ..\debug\game\PongScene.obj
         ..\debug\game\RacketEntity.obj
         "C:\Users\Stephen\Video Game Programming\4210group12\game\lib\engined.lib"
         game_vs11.vcxproj -> C:\Users\Stephen\Video Game Programming\4210group12\game\proj\..\bin\game.exe
       FinalizeBuildStatus:
         Deleting file "..\debug\game\game.unsuccessfulbuild".
         Touching "..\debug\game\game.lastbuildstate".
     1>Done Building Project "C:\Users\Stephen\Video Game Programming\4210group12\game\proj\visualstudio\game\game_vs11.vcxproj" (Build target(s)).

Build succeeded.

Time Elapsed 00:00:07.40
